<?xml version="1.0" encoding="UTF-8"?>
<!-- Generated by org.testng.reporters.JUnitReportReporter -->
<testsuite hostname="LAPTOP-OB76D41L" failures="0" tests="1" name="TestNg.Test1" time="4.220" errors="0" timestamp="2022-06-06T17:02:26 EDT" skipped="0">
  <testcase classname="TestNg.Test1" name="openurl" time="4.220"/>
  <system-out/>
</testsuite> <!-- TestNg.Test1 -->
